<?xml version="1.0" encoding="UTF-8"?>
<!-- Generated by org.testng.reporters.JUnitReportReporter -->
<testsuite hostname="admin-PC" name="com.tnsautomation.tests.AppTest" tests="1" failures="0" timestamp="17 Sep 2015 23:27:30 GMT" time="32.102" errors="0">
  <testcase name="setupSelenium" time="32.102" classname="com.tnsautomation.tests.AppTest"/>
</testsuite> <!-- com.tnsautomation.tests.AppTest -->
