<?xml version="1.0" encoding="UTF-8"?>
<!-- Generated by org.testng.reporters.JUnitReportReporter -->
<testsuite hostname="admin-PC" name="com.tnsautomation.tests.AppTest" tests="3" failures="0" timestamp="4 Jan 2016 19:44:30 GMT" time="153.934" errors="1">
  <testcase name="setupSelenium" time="10.129" classname="com.tnsautomation.tests.AppTest"/>
  <testcase name="setupSelenium" time="0.001" classname="com.tnsautomation.tests.AppTest">
    <error type="org.openqa.selenium.WebDriverException" message="Failed to connect to binary FirefoxBinary(C:\Program Files\Mozilla Firefox\firefox.exe) on port 7055; process output follows: 
port.skype.com/category/SKYPE_CALLS_FROM_BROWSERS/&quot;},&quot;visible&quot;:true,&quot;active&quot;:false,&quot;userDisabled&quot;:false,&quot;appDisabled&quot;:true,&quot;descriptor&quot;:&quot;C:\\Program Files\\Mozilla Firefox\\browser\\extensions\\{82AF8DCA-6DE9-405D-BD5E-43525BDAD38A}.xpi&quot;,&quot;installDate&quot;:1430459238000,&quot;updateDate&quot;:1430459238000,&quot;applyBackgroundUpdates&quot;:1,&quot;bootstrap&quot;:true,&quot;size&quot;:319626,&quot;sourceURI&quot;:null,&quot;releaseNotesURI&quot;:null,&quot;softDisabled&quot;:false,&quot;foreignInstall&quot;:true,&quot;hasBinaryComponents&quot;:false,&quot;strictCompatibility&quot;:false,&quot;locales&quot;:[],&quot;targetApplications&quot;:[{&quot;id&quot;:&quot;{ec8030f7-c20a-464f-9b0e-13a3a9e97384}&quot;,&quot;minVersion&quot;:&quot;21.0&quot;,&quot;maxVersion&quot;:&quot;25.0a1&quot;}],&quot;targetPlatforms&quot;:[],&quot;multiprocessCompatible&quot;:false,&quot;signedState&quot;:0}
1451936495750	addons.xpi	DEBUG	Updating XPIState for {&quot;id&quot;:&quot;{972ce4c6-7e08-4474-a285-3208198ce6fd}&quot;,&quot;syncGUID&quot;:&quot;e3S0m-IiTEeK&quot;,&quot;location&quot;:&quot;app-global&quot;,&quot;version&quot;:&quot;43.0.2&quot;,&quot;type&quot;:&quot;theme&quot;,&quot;internalName&quot;:&quot;classic/1.0&quot;,&quot;updateURL&quot;:null,&quot;updateKey&quot;:null,&quot;optionsURL&quot;:null,&quot;optionsType&quot;:null,&quot;aboutURL&quot;:null,&quot;iconURL&quot;:null,&quot;icon64URL&quot;:null,&quot;defaultLocale&quot;:{&quot;name&quot;:&quot;Default&quot;,&quot;description&quot;:&quot;The default theme.&quot;,&quot;creator&quot;:&quot;Mozilla&quot;,&quot;homepageURL&quot;:null,&quot;contributors&quot;:[&quot;Mozilla Contributors&quot;]},&quot;visible&quot;:true,&quot;active&quot;:true,&quot;userDisabled&quot;:false,&quot;appDisabled&quot;:false,&quot;descriptor&quot;:&quot;C:\\Program Files\\Mozilla Firefox\\browser\\extensions\\{972ce4c6-7e08-4474-a285-3208198ce6fd}&quot;,&quot;installDate&quot;:1451510897744,&quot;updateDate&quot;:1451510897744,&quot;applyBackgroundUpdates&quot;:1,&quot;skinnable&quot;:true,&quot;size&quot;:24172,&quot;sourceURI&quot;:null,&quot;releaseNotesURI&quot;:null,&quot;softDisabled&quot;:false,&quot;foreignInstall&quot;:false,&quot;hasBinaryComponents&quot;:false,&quot;strictCompatibility&quot;:true,&quot;locales&quot;:[],&quot;targetApplications&quot;:[{&quot;id&quot;:&quot;{ec8030f7-c20a-464f-9b0e-13a3a9e97384}&quot;,&quot;minVersion&quot;:&quot;43.0.2&quot;,&quot;maxVersion&quot;:&quot;43.0.2&quot;}],&quot;targetPlatforms&quot;:[]}
1451936495750	addons.xpi	DEBUG	getModTime: Recursive scan of {972ce4c6-7e08-4474-a285-3208198ce6fd}
1451936495756	DeferredSave.extensions.json	DEBUG	Save changes
1451936495756	addons.xpi	DEBUG	Updating database with changes to installed add-ons
1451936495757	addons.xpi-utils	DEBUG	Updating add-on states
1451936495758	addons.xpi-utils	DEBUG	Writing add-ons list
1451936495771	addons.manager	DEBUG	Registering shutdown blocker for XPIProvider
1451936495771	addons.manager	DEBUG	Provider finished startup: XPIProvider
1451936495771	addons.manager	DEBUG	Starting provider: LightweightThemeManager
1451936495771	addons.manager	DEBUG	Registering shutdown blocker for LightweightThemeManager
1451936495772	addons.manager	DEBUG	Provider finished startup: LightweightThemeManager
1451936495773	addons.manager	DEBUG	Starting provider: GMPProvider
1451936495784	addons.manager	DEBUG	Registering shutdown blocker for GMPProvider
1451936495785	addons.manager	DEBUG	Provider finished startup: GMPProvider
1451936495785	addons.manager	DEBUG	Starting provider: PluginProvider
1451936495785	addons.manager	DEBUG	Registering shutdown blocker for PluginProvider
1451936495786	addons.manager	DEBUG	Provider finished startup: PluginProvider
1451936495786	addons.manager	DEBUG	Completed startup sequence
1451936500059	addons.manager	DEBUG	Starting provider: &lt;unnamed-provider&gt;
1451936500060	addons.manager	DEBUG	Registering shutdown blocker for &lt;unnamed-provider&gt;
1451936500060	addons.manager	DEBUG	Provider finished startup: &lt;unnamed-provider&gt;
1451936500218	DeferredSave.extensions.json	DEBUG	Starting write
1451936502856	addons.repository	DEBUG	No addons.json found.
1451936502857	DeferredSave.addons.json	DEBUG	Save changes
1451936502862	DeferredSave.addons.json	DEBUG	Starting timer
1451936502893	addons.manager	DEBUG	Starting provider: PreviousExperimentProvider
1451936502893	addons.manager	DEBUG	Registering shutdown blocker for PreviousExperimentProvider
1451936502893	addons.manager	DEBUG	Provider finished startup: PreviousExperimentProvider
1451936503277	DeferredSave.extensions.json	DEBUG	Write succeeded
1451936503278	addons.xpi-utils	DEBUG	XPI Database saved, setting schema version preference to 17
1451936503280	DeferredSave.addons.json	DEBUG	Starting write
1451936505921	DeferredSave.addons.json	DEBUG	Write succeeded

Build info: version: &#039;2.47.1&#039;, revision: &#039;unknown&#039;, time: &#039;2015-07-30 11:02:44&#039;
System info: host: &#039;admin-PC&#039;, ip: &#039;192.168.0.101&#039;, os.name: &#039;Windows 7&#039;, os.arch: &#039;x86&#039;, os.version: &#039;6.1&#039;, java.version: &#039;1.8.0_45&#039;
Driver info: driver.version: FirefoxDriver">
      <![CDATA[org.openqa.selenium.WebDriverException: Failed to connect to binary FirefoxBinary(C:\Program Files\Mozilla Firefox\firefox.exe) on port 7055; process output follows: 
port.skype.com/category/SKYPE_CALLS_FROM_BROWSERS/"},"visible":true,"active":false,"userDisabled":false,"appDisabled":true,"descriptor":"C:\\Program Files\\Mozilla Firefox\\browser\\extensions\\{82AF8DCA-6DE9-405D-BD5E-43525BDAD38A}.xpi","installDate":1430459238000,"updateDate":1430459238000,"applyBackgroundUpdates":1,"bootstrap":true,"size":319626,"sourceURI":null,"releaseNotesURI":null,"softDisabled":false,"foreignInstall":true,"hasBinaryComponents":false,"strictCompatibility":false,"locales":[],"targetApplications":[{"id":"{ec8030f7-c20a-464f-9b0e-13a3a9e97384}","minVersion":"21.0","maxVersion":"25.0a1"}],"targetPlatforms":[],"multiprocessCompatible":false,"signedState":0}
1451936495750	addons.xpi	DEBUG	Updating XPIState for {"id":"{972ce4c6-7e08-4474-a285-3208198ce6fd}","syncGUID":"e3S0m-IiTEeK","location":"app-global","version":"43.0.2","type":"theme","internalName":"classic/1.0","updateURL":null,"updateKey":null,"optionsURL":null,"optionsType":null,"aboutURL":null,"iconURL":null,"icon64URL":null,"defaultLocale":{"name":"Default","description":"The default theme.","creator":"Mozilla","homepageURL":null,"contributors":["Mozilla Contributors"]},"visible":true,"active":true,"userDisabled":false,"appDisabled":false,"descriptor":"C:\\Program Files\\Mozilla Firefox\\browser\\extensions\\{972ce4c6-7e08-4474-a285-3208198ce6fd}","installDate":1451510897744,"updateDate":1451510897744,"applyBackgroundUpdates":1,"skinnable":true,"size":24172,"sourceURI":null,"releaseNotesURI":null,"softDisabled":false,"foreignInstall":false,"hasBinaryComponents":false,"strictCompatibility":true,"locales":[],"targetApplications":[{"id":"{ec8030f7-c20a-464f-9b0e-13a3a9e97384}","minVersion":"43.0.2","maxVersion":"43.0.2"}],"targetPlatforms":[]}
1451936495750	addons.xpi	DEBUG	getModTime: Recursive scan of {972ce4c6-7e08-4474-a285-3208198ce6fd}
1451936495756	DeferredSave.extensions.json	DEBUG	Save changes
1451936495756	addons.xpi	DEBUG	Updating database with changes to installed add-ons
1451936495757	addons.xpi-utils	DEBUG	Updating add-on states
1451936495758	addons.xpi-utils	DEBUG	Writing add-ons list
1451936495771	addons.manager	DEBUG	Registering shutdown blocker for XPIProvider
1451936495771	addons.manager	DEBUG	Provider finished startup: XPIProvider
1451936495771	addons.manager	DEBUG	Starting provider: LightweightThemeManager
1451936495771	addons.manager	DEBUG	Registering shutdown blocker for LightweightThemeManager
1451936495772	addons.manager	DEBUG	Provider finished startup: LightweightThemeManager
1451936495773	addons.manager	DEBUG	Starting provider: GMPProvider
1451936495784	addons.manager	DEBUG	Registering shutdown blocker for GMPProvider
1451936495785	addons.manager	DEBUG	Provider finished startup: GMPProvider
1451936495785	addons.manager	DEBUG	Starting provider: PluginProvider
1451936495785	addons.manager	DEBUG	Registering shutdown blocker for PluginProvider
1451936495786	addons.manager	DEBUG	Provider finished startup: PluginProvider
1451936495786	addons.manager	DEBUG	Completed startup sequence
1451936500059	addons.manager	DEBUG	Starting provider: <unnamed-provider>
1451936500060	addons.manager	DEBUG	Registering shutdown blocker for <unnamed-provider>
1451936500060	addons.manager	DEBUG	Provider finished startup: <unnamed-provider>
1451936500218	DeferredSave.extensions.json	DEBUG	Starting write
1451936502856	addons.repository	DEBUG	No addons.json found.
1451936502857	DeferredSave.addons.json	DEBUG	Save changes
1451936502862	DeferredSave.addons.json	DEBUG	Starting timer
1451936502893	addons.manager	DEBUG	Starting provider: PreviousExperimentProvider
1451936502893	addons.manager	DEBUG	Registering shutdown blocker for PreviousExperimentProvider
1451936502893	addons.manager	DEBUG	Provider finished startup: PreviousExperimentProvider
1451936503277	DeferredSave.extensions.json	DEBUG	Write succeeded
1451936503278	addons.xpi-utils	DEBUG	XPI Database saved, setting schema version preference to 17
1451936503280	DeferredSave.addons.json	DEBUG	Starting write
1451936505921	DeferredSave.addons.json	DEBUG	Write succeeded

Build info: version: '2.47.1', revision: 'unknown', time: '2015-07-30 11:02:44'
System info: host: 'admin-PC', ip: '192.168.0.101', os.name: 'Windows 7', os.arch: 'x86', os.version: '6.1', java.version: '1.8.0_45'
Driver info: driver.version: FirefoxDriver
	at org.openqa.selenium.firefox.internal.NewProfileExtensionConnection.start(NewProfileExtensionConnection.java:134)
	at org.openqa.selenium.firefox.FirefoxDriver.startClient(FirefoxDriver.java:276)
	at org.openqa.selenium.remote.RemoteWebDriver.<init>(RemoteWebDriver.java:116)
	at org.openqa.selenium.firefox.FirefoxDriver.<init>(FirefoxDriver.java:221)
	at org.openqa.selenium.firefox.FirefoxDriver.<init>(FirefoxDriver.java:216)
	at org.openqa.selenium.firefox.FirefoxDriver.<init>(FirefoxDriver.java:212)
	at org.openqa.selenium.firefox.FirefoxDriver.<init>(FirefoxDriver.java:125)
	at com.tnsautomation.tests.AppTest.setup(AppTest.java:29)
	at sun.reflect.NativeMethodAccessorImpl.invoke0(Native Method)
	at sun.reflect.NativeMethodAccessorImpl.invoke(Unknown Source)
	at sun.reflect.DelegatingMethodAccessorImpl.invoke(Unknown Source)
	at java.lang.reflect.Method.invoke(Unknown Source)
	at org.testng.internal.MethodInvocationHelper.invokeMethod(MethodInvocationHelper.java:85)
	at org.testng.internal.Invoker.invokeConfigurationMethod(Invoker.java:510)
	at org.testng.internal.Invoker.invokeConfigurations(Invoker.java:211)
	at org.testng.internal.Invoker.invokeConfigurations(Invoker.java:138)
	at org.testng.TestRunner.beforeRun(TestRunner.java:647)
	at org.testng.TestRunner.run(TestRunner.java:615)
	at org.testng.SuiteRunner.runTest(SuiteRunner.java:357)
	at org.testng.SuiteRunner.access$000(SuiteRunner.java:39)
	at org.testng.SuiteRunner$SuiteWorker.run(SuiteRunner.java:391)
	at org.testng.internal.thread.ThreadUtil$2.call(ThreadUtil.java:64)
	at java.util.concurrent.FutureTask.run(Unknown Source)
	at java.util.concurrent.ThreadPoolExecutor.runWorker(Unknown Source)
	at java.util.concurrent.ThreadPoolExecutor$Worker.run(Unknown Source)
	at java.lang.Thread.run(Unknown Source)
Caused by: org.openqa.selenium.firefox.NotConnectedException: Unable to connect to host 127.0.0.1 on port 7055 after 45000 ms. Firefox console output:
port.skype.com/category/SKYPE_CALLS_FROM_BROWSERS/"},"visible":true,"active":false,"userDisabled":false,"appDisabled":true,"descriptor":"C:\\Program Files\\Mozilla Firefox\\browser\\extensions\\{82AF8DCA-6DE9-405D-BD5E-43525BDAD38A}.xpi","installDate":1430459238000,"updateDate":1430459238000,"applyBackgroundUpdates":1,"bootstrap":true,"size":319626,"sourceURI":null,"releaseNotesURI":null,"softDisabled":false,"foreignInstall":true,"hasBinaryComponents":false,"strictCompatibility":false,"locales":[],"targetApplications":[{"id":"{ec8030f7-c20a-464f-9b0e-13a3a9e97384}","minVersion":"21.0","maxVersion":"25.0a1"}],"targetPlatforms":[],"multiprocessCompatible":false,"signedState":0}
1451936495750	addons.xpi	DEBUG	Updating XPIState for {"id":"{972ce4c6-7e08-4474-a285-3208198ce6fd}","syncGUID":"e3S0m-IiTEeK","location":"app-global","version":"43.0.2","type":"theme","internalName":"classic/1.0","updateURL":null,"updateKey":null,"optionsURL":null,"optionsType":null,"aboutURL":null,"iconURL":null,"icon64URL":null,"defaultLocale":{"name":"Default","description":"The default theme.","creator":"Mozilla","homepageURL":null,"contributors":["Mozilla Contributors"]},"visible":true,"active":true,"userDisabled":false,"appDisabled":false,"descriptor":"C:\\Program Files\\Mozilla Firefox\\browser\\extensions\\{972ce4c6-7e08-4474-a285-3208198ce6fd}","installDate":1451510897744,"updateDate":1451510897744,"applyBackgroundUpdates":1,"skinnable":true,"size":24172,"sourceURI":null,"releaseNotesURI":null,"softDisabled":false,"foreignInstall":false,"hasBinaryComponents":false,"strictCompatibility":true,"locales":[],"targetApplications":[{"id":"{ec8030f7-c20a-464f-9b0e-13a3a9e97384}","minVersion":"43.0.2","maxVersion":"43.0.2"}],"targetPlatforms":[]}
1451936495750	addons.xpi	DEBUG	getModTime: Recursive scan of {972ce4c6-7e08-4474-a285-3208198ce6fd}
1451936495756	DeferredSave.extensions.json	DEBUG	Save changes
1451936495756	addons.xpi	DEBUG	Updating database with changes to installed add-ons
1451936495757	addons.xpi-utils	DEBUG	Updating add-on states
1451936495758	addons.xpi-utils	DEBUG	Writing add-ons list
1451936495771	addons.manager	DEBUG	Registering shutdown blocker for XPIProvider
1451936495771	addons.manager	DEBUG	Provider finished startup: XPIProvider
1451936495771	addons.manager	DEBUG	Starting provider: LightweightThemeManager
1451936495771	addons.manager	DEBUG	Registering shutdown blocker for LightweightThemeManager
1451936495772	addons.manager	DEBUG	Provider finished startup: LightweightThemeManager
1451936495773	addons.manager	DEBUG	Starting provider: GMPProvider
1451936495784	addons.manager	DEBUG	Registering shutdown blocker for GMPProvider
1451936495785	addons.manager	DEBUG	Provider finished startup: GMPProvider
1451936495785	addons.manager	DEBUG	Starting provider: PluginProvider
1451936495785	addons.manager	DEBUG	Registering shutdown blocker for PluginProvider
1451936495786	addons.manager	DEBUG	Provider finished startup: PluginProvider
1451936495786	addons.manager	DEBUG	Completed startup sequence
1451936500059	addons.manager	DEBUG	Starting provider: <unnamed-provider>
1451936500060	addons.manager	DEBUG	Registering shutdown blocker for <unnamed-provider>
1451936500060	addons.manager	DEBUG	Provider finished startup: <unnamed-provider>
1451936500218	DeferredSave.extensions.json	DEBUG	Starting write
1451936502856	addons.repository	DEBUG	No addons.json found.
1451936502857	DeferredSave.addons.json	DEBUG	Save changes
1451936502862	DeferredSave.addons.json	DEBUG	Starting timer
1451936502893	addons.manager	DEBUG	Starting provider: PreviousExperimentProvider
1451936502893	addons.manager	DEBUG	Registering shutdown blocker for PreviousExperimentProvider
1451936502893	addons.manager	DEBUG	Provider finished startup: PreviousExperimentProvider
1451936503277	DeferredSave.extensions.json	DEBUG	Write succeeded
1451936503278	addons.xpi-utils	DEBUG	XPI Database saved, setting schema version preference to 17
1451936503280	DeferredSave.addons.json	DEBUG	Starting write
1451936505921	DeferredSave.addons.json	DEBUG	Write succeeded

	at org.openqa.selenium.firefox.internal.NewProfileExtensionConnection.start(NewProfileExtensionConnection.java:122)
	... 25 more
]]>
    </error>
  </testcase> <!-- setupSelenium -->
  <testcase name="setupSelenium" time="143.804" classname="com.tnsautomation.tests.AppTest"/>
</testsuite> <!-- com.tnsautomation.tests.AppTest -->
