<?xml version="1.0" encoding="UTF-8"?>
<!-- Generated by org.testng.reporters.JUnitReportReporter -->
<testsuite hostname="admin-PC" name="com.tnsautomation.tests.AppTest" tests="3" failures="0" timestamp="27 Sep 2015 19:49:35 GMT" time="73.051" errors="0">
  <testcase name="setupSelenium" time="20.004" classname="com.tnsautomation.tests.AppTest"/>
  <testcase name="setupSelenium" time="16.158" classname="com.tnsautomation.tests.AppTest"/>
  <testcase name="setupSelenium" time="36.889" classname="com.tnsautomation.tests.AppTest"/>
</testsuite> <!-- com.tnsautomation.tests.AppTest -->
