<?xml version="1.0" encoding="UTF-8"?>
<!-- Generated by org.testng.reporters.JUnitReportReporter -->
<testsuite hostname="admin-PC" name="com.tnsautomation.tests.AppTest" tests="3" failures="0" timestamp="24 Sep 2015 21:29:27 GMT" time="37.844" errors="0">
  <testcase name="setupSelenium" time="11.726" classname="com.tnsautomation.tests.AppTest"/>
  <testcase name="setupSelenium" time="11.220" classname="com.tnsautomation.tests.AppTest"/>
  <testcase name="setupSelenium" time="14.898" classname="com.tnsautomation.tests.AppTest"/>
</testsuite> <!-- com.tnsautomation.tests.AppTest -->
